This is pdfTeX, Version 3.141592653-2.6-1.40.23 (TeX Live 2022/dev) (preloaded format=pdflatex 2021.12.16)  19 DEC 2021 17:17
entering extended mode
 restricted \write18 enabled.
 %&-line parsing enabled.
**CassettiFreryR1.tex
(./CassettiFreryR1.tex
LaTeX2e <2021-11-15> patch level 1
L3 programming layer <2021-11-22>
(/usr/local/texlive/2021/texmf-dist/tex/latex/base/fix-cm.sty
Package: fix-cm 2020/11/24 v1.1t fixes to LaTeX

(/usr/local/texlive/2021/texmf-dist/tex/latex/base/ts1enc.def
File: ts1enc.def 2001/06/05 v3.0e (jk/car/fm) Standard LaTeX file
LaTeX Font Info:    Redeclaring font encoding TS1 on input line 47.
)) (./svjour3.cls
Document Class: svjour3 2007/05/08 v3.2 
LaTeX document class for Springer journals
(/usr/local/texlive/2021/texmf-dist/tex/latex/base/fleqn.clo
File: fleqn.clo 2016/12/29 v1.2b Standard LaTeX option (flush left equations)
\mathindent=\skip47
Applying: [2015/01/01] Make \[ robust on input line 50.
LaTeX Info: Redefining \[ on input line 51.
Already applied: [0000/00/00] Make \[ robust on input line 62.
Applying: [2015/01/01] Make \] robust on input line 74.
LaTeX Info: Redefining \] on input line 75.
Already applied: [0000/00/00] Make \] robust on input line 83.
)
Class Springer-SVJour3 Info: extra/valid Springer sub-package (-> *.clo) 
(Springer-SVJour3)           not found in option list of \documentclass
(Springer-SVJour3)           - autoactivating "global" style.
 (./svglov3.clo
File: svglov3.clo 2009/12/18 v3.2 style option for standardised journals

SVJour Class option: svglov3.clo for standardised journals
)
LaTeX Font Info:    Redeclaring math symbol \Gamma on input line 147.
LaTeX Font Info:    Redeclaring math symbol \Delta on input line 148.
LaTeX Font Info:    Redeclaring math symbol \Theta on input line 149.
LaTeX Font Info:    Redeclaring math symbol \Lambda on input line 150.
LaTeX Font Info:    Redeclaring math symbol \Xi on input line 151.
LaTeX Font Info:    Redeclaring math symbol \Pi on input line 152.
LaTeX Font Info:    Redeclaring math symbol \Sigma on input line 153.
LaTeX Font Info:    Redeclaring math symbol \Upsilon on input line 154.
LaTeX Font Info:    Redeclaring math symbol \Phi on input line 155.
LaTeX Font Info:    Redeclaring math symbol \Psi on input line 156.
LaTeX Font Info:    Redeclaring math symbol \Omega on input line 157.
\logodepth=\dimen138
\headerboxheight=\dimen139
\betweenumberspace=\dimen140
\aftertext=\dimen141
\headlineindent=\dimen142
\c@inst=\count183
\c@auth=\count184
\instindent=\dimen143
\authrun=\box50
\authorrunning=\toks16
\titrun=\box51
\titlerunning=\toks17
\combirun=\box52
\c@lastpage=\count185
\rubricwidth=\dimen144
\c@section=\count186
\c@subsection=\count187
\c@subsubsection=\count188
\c@paragraph=\count189
\c@subparagraph=\count190
\spthmsep=\dimen145
\c@theorem=\count191
\c@case=\count192
\c@conjecture=\count193
\c@corollary=\count194
\c@definition=\count195
\c@example=\count196
\c@exercise=\count197
\c@lemma=\count198
\c@note=\count199
\c@problem=\count266
\c@property=\count267
\c@proposition=\count268
\c@question=\count269
\c@solution=\count270
\c@remark=\count271
\c@figure=\count272
\c@table=\count273
\abovecaptionskip=\skip48
\belowcaptionskip=\skip49
\figcapgap=\dimen146
\tabcapgap=\dimen147
\figgap=\dimen148
\bibindent=\dimen149
\@tempcntc=\count274
) (/usr/local/texlive/2021/texmf-dist/tex/latex/psnfss/times.sty
Package: times 2020/03/25 PSNFSS-v9.3 (SPQR) 
)
(/usr/local/texlive/2021/texmf-dist/tex/latex/tools/bm.sty
Package: bm 2021/04/25 v1.2e Bold Symbol Support (DPC/FMi)
\symboldoperators=\mathgroup4
\symboldletters=\mathgroup5
\symboldsymbols=\mathgroup6
Package bm Info: No bold for \OMX/cmex/m/n, using \pmb.
LaTeX Font Info:    Redeclaring math alphabet \mathbf on input line 149.
)
(/usr/local/texlive/2021/texmf-dist/tex/latex/bbm-macros/bbm.sty
Package: bbm 1999/03/15 V 1.2 provides fonts for set symbols - TH
LaTeX Font Info:    Overwriting math alphabet `\mathbbm' in version `bold'
(Font)                  U/bbm/m/n --> U/bbm/bx/n on input line 33.
LaTeX Font Info:    Overwriting math alphabet `\mathbbmss' in version `bold'
(Font)                  U/bbmss/m/n --> U/bbmss/bx/n on input line 35.
)
(/usr/local/texlive/2021/texmf-dist/tex/latex/amsmath/amsmath.sty
Package: amsmath 2021/10/15 v2.17l AMS math features
\@mathmargin=\skip50

For additional information on amsmath, use the `?' option.
(/usr/local/texlive/2021/texmf-dist/tex/latex/amsmath/amstext.sty
Package: amstext 2021/08/26 v2.01 AMS text

(/usr/local/texlive/2021/texmf-dist/tex/latex/amsmath/amsgen.sty
File: amsgen.sty 1999/11/30 v2.0 generic functions
\@emptytoks=\toks18
\ex@=\dimen150
))
(/usr/local/texlive/2021/texmf-dist/tex/latex/amsmath/amsbsy.sty
Package: amsbsy 1999/11/29 v1.2d Bold Symbols
LaTeX Info: Redefining \boldsymbol on input line 28.
\pmbraise@=\dimen151
)
(/usr/local/texlive/2021/texmf-dist/tex/latex/amsmath/amsopn.sty
Package: amsopn 2021/08/26 v2.02 operator names
)
\inf@bad=\count275
LaTeX Info: Redefining \frac on input line 234.
\uproot@=\count276
\leftroot@=\count277
LaTeX Info: Redefining \overline on input line 399.
\classnum@=\count278
\DOTSCASE@=\count279
LaTeX Info: Redefining \ldots on input line 496.
LaTeX Info: Redefining \dots on input line 499.
LaTeX Info: Redefining \cdots on input line 620.
\Mathstrutbox@=\box53
\strutbox@=\box54
\big@size=\dimen152
LaTeX Font Info:    Redeclaring font encoding OML on input line 743.
LaTeX Font Info:    Redeclaring font encoding OMS on input line 744.
\macc@depth=\count280
\c@MaxMatrixCols=\count281
\dotsspace@=\muskip16
\c@parentequation=\count282
\dspbrk@lvl=\count283
\tag@help=\toks19
\row@=\count284
\column@=\count285
\maxfields@=\count286
\andhelp@=\toks20
\eqnshift@=\dimen153
\alignsep@=\dimen154
\tagshift@=\dimen155
\tagwidth@=\dimen156
\totwidth@=\dimen157
\lineht@=\dimen158
\@envbody=\toks21
\multlinegap=\skip51
\multlinetaggap=\skip52
\mathdisplay@stack=\toks22
LaTeX Info: Redefining \[ on input line 2938.
LaTeX Info: Redefining \] on input line 2939.
)
(/usr/local/texlive/2021/texmf-dist/tex/latex/amsfonts/amssymb.sty
Package: amssymb 2013/01/14 v3.01 AMS font symbols

(/usr/local/texlive/2021/texmf-dist/tex/latex/amsfonts/amsfonts.sty
Package: amsfonts 2013/01/14 v3.01 Basic AMSFonts support
\symAMSa=\mathgroup7
\symAMSb=\mathgroup8
LaTeX Font Info:    Redeclaring math symbol \hbar on input line 98.
LaTeX Font Info:    Overwriting math alphabet `\mathfrak' in version `bold'
(Font)                  U/euf/m/n --> U/euf/b/n on input line 106.
))
(/usr/local/texlive/2021/texmf-dist/tex/latex/graphics/graphicx.sty
Package: graphicx 2021/09/16 v1.2d Enhanced LaTeX Graphics (DPC,SPQR)

(/usr/local/texlive/2021/texmf-dist/tex/latex/graphics/keyval.sty
Package: keyval 2014/10/28 v1.15 key=value parser (DPC)
\KV@toks@=\toks23
)
(/usr/local/texlive/2021/texmf-dist/tex/latex/graphics/graphics.sty
Package: graphics 2021/03/04 v1.4d Standard LaTeX Graphics (DPC,SPQR)

(/usr/local/texlive/2021/texmf-dist/tex/latex/graphics/trig.sty
Package: trig 2021/08/11 v1.11 sin cos tan (DPC)
)
(/usr/local/texlive/2021/texmf-dist/tex/latex/graphics-cfg/graphics.cfg
File: graphics.cfg 2016/06/04 v1.11 sample graphics configuration
)
Package graphics Info: Driver file: pdftex.def on input line 107.

(/usr/local/texlive/2021/texmf-dist/tex/latex/graphics-def/pdftex.def
File: pdftex.def 2020/10/05 v1.2a Graphics/color driver for pdftex
))
\Gin@req@height=\dimen159
\Gin@req@width=\dimen160
)
(/usr/local/texlive/2021/texmf-dist/tex/latex/subfigure/subfigure.sty
Package: subfigure 2002/03/15 v2.1.5 subfigure package
\subfigtopskip=\skip53
\subfigcapskip=\skip54
\subfigcaptopadj=\dimen161
\subfigbottomskip=\skip55
\subfigcapmargin=\dimen162
\subfiglabelskip=\skip56
\c@subfigure=\count287
\c@lofdepth=\count288
\c@subtable=\count289
\c@lotdepth=\count290

****************************************
* Local config file subfigure.cfg used *
****************************************
(/usr/local/texlive/2021/texmf-dist/tex/latex/subfigure/subfigure.cfg)
\subfig@top=\skip57
\subfig@bottom=\skip58
)
(/usr/local/texlive/2021/texmf-dist/tex/latex/url/url.sty
\Urlmuskip=\muskip17
Package: url 2013/09/16  ver 3.4  Verb mode for urls, etc.
)
(/usr/local/texlive/2021/texmf-dist/tex/latex/units/units.sty
Package: units 1998/08/04 v0.9b Typesetting units

(/usr/local/texlive/2021/texmf-dist/tex/latex/base/ifthen.sty
Package: ifthen 2020/11/24 v1.1c Standard LaTeX ifthen package (DPC)
)
(/usr/local/texlive/2021/texmf-dist/tex/latex/units/nicefrac.sty
Package: nicefrac 1998/08/04 v0.9b Nice fractions
\L@UnitsRaiseDisplaystyle=\skip59
\L@UnitsRaiseTextstyle=\skip60
\L@UnitsRaiseScriptstyle=\skip61
))
(/usr/local/texlive/2021/texmf-dist/tex/latex/cite/cite.sty
LaTeX Info: Redefining \cite on input line 302.
LaTeX Info: Redefining \nocite on input line 332.
Package: cite 2015/02/27  v 5.5
)
(/usr/local/texlive/2021/texmf-dist/tex/latex/preprint/balance.sty
Package: balance 1999/02/23 4.3 (PWD)
\oldvsize=\dimen163
)
(/usr/local/texlive/2021/texmf-dist/tex/latex/comment/comment.sty
\CommentStream=\write3

Excluding comment 'comment')
(/usr/local/texlive/2021/texmf-dist/tex/latex/multirow/multirow.sty
Package: multirow 2021/03/15 v2.8 Span multiple rows of a table
\multirow@colwidth=\skip62
\multirow@cntb=\count291
\multirow@dima=\skip63
\bigstrutjot=\dimen164
)
(/usr/local/texlive/2021/texmf-dist/tex/latex/booktabs/booktabs.sty
Package: booktabs 2020/01/12 v1.61803398 Publication quality tables
\heavyrulewidth=\dimen165
\lightrulewidth=\dimen166
\cmidrulewidth=\dimen167
\belowrulesep=\dimen168
\belowbottomsep=\dimen169
\aboverulesep=\dimen170
\abovetopsep=\dimen171
\cmidrulesep=\dimen172
\cmidrulekern=\dimen173
\defaultaddspace=\dimen174
\@cmidla=\count292
\@cmidlb=\count293
\@aboverulesep=\dimen175
\@belowrulesep=\dimen176
\@thisruleclass=\count294
\@lastruleclass=\count295
\@thisrulewidth=\dimen177
)
(/usr/local/texlive/2021/texmf-dist/tex/latex/microtype/microtype.sty
Package: microtype 2021/12/10 v3.0b Micro-typographical refinements (RS)

(/usr/local/texlive/2021/texmf-dist/tex/latex/etoolbox/etoolbox.sty
Package: etoolbox 2020/10/05 v2.5k e-TeX tools for LaTeX (JAW)
\etb@tempcnta=\count296
)
\MT@toks=\toks24
\MT@count=\count297
\MT@tempbox=\box55
LaTeX Info: Redefining \leftprotrusion on input line 1010.
LaTeX Info: Redefining \rightprotrusion on input line 1018.
LaTeX Info: Redefining \textls on input line 1173.
\MT@outer@kern=\dimen178
LaTeX Info: Redefining \textmicrotypecontext on input line 1759.
\MT@listname@count=\count298

(/usr/local/texlive/2021/texmf-dist/tex/latex/microtype/microtype-pdftex.def
File: microtype-pdftex.def 2021/12/10 v3.0b Definitions specific to pdftex (RS)

LaTeX Info: Redefining \lsstyle on input line 897.
LaTeX Info: Redefining \lslig on input line 897.
\MT@outer@space=\skip64
)
Package microtype Info: Loading configuration file microtype.cfg.

(/usr/local/texlive/2021/texmf-dist/tex/latex/microtype/microtype.cfg
File: microtype.cfg 2021/12/10 v3.0b microtype main configuration file (RS)
))
(/usr/local/texlive/2021/texmf-dist/tex/latex/siunitx/siunitx.sty
Package: siunitx 2021-12-03 v3.0.37 A comprehensive (SI) units package
\l__siunitx_angle_tmp_dim=\dimen179
\l__siunitx_angle_marker_box=\box56
\l__siunitx_angle_unit_box=\box57
\l__siunitx_compound_count_int=\count299

(/usr/local/texlive/2021/texmf-dist/tex/latex/translations/translations.sty
Package: translations 2021/01/17 v1.10a internationalization of LaTeX2e package
s (CN)

(/usr/local/texlive/2021/texmf-dist/tex/generic/pdftexcmds/pdftexcmds.sty
Package: pdftexcmds 2020-06-27 v0.33 Utility functions of pdfTeX for LuaTeX (HO
)

(/usr/local/texlive/2021/texmf-dist/tex/generic/infwarerr/infwarerr.sty
Package: infwarerr 2019/12/03 v1.5 Providing info/warning/error messages (HO)
)
(/usr/local/texlive/2021/texmf-dist/tex/generic/iftex/iftex.sty
Package: iftex 2020/03/06 v1.0d TeX engine tests
)
(/usr/local/texlive/2021/texmf-dist/tex/generic/ltxcmds/ltxcmds.sty
Package: ltxcmds 2020-05-10 v1.25 LaTeX kernel commands for general use (HO)
)
Package pdftexcmds Info: \pdf@primitive is available.
Package pdftexcmds Info: \pdf@ifprimitive is available.
Package pdftexcmds Info: \pdfdraftmode found.
))
\l__siunitx_number_exponent_fixed_int=\count300
\l__siunitx_number_min_decimal_int=\count301
\l__siunitx_number_min_integer_int=\count302
\l__siunitx_number_round_precision_int=\count303
\l__siunitx_number_group_minimum_int=\count304
\l__siunitx_table_tmp_box=\box58
\l__siunitx_table_tmp_dim=\dimen180
\l__siunitx_table_column_width_dim=\dimen181
\l__siunitx_table_integer_box=\box59
\l__siunitx_table_decimal_box=\box60
\l__siunitx_table_before_box=\box61
\l__siunitx_table_after_box=\box62
\l__siunitx_table_before_dim=\dimen182
\l__siunitx_table_carry_dim=\dimen183
\l__siunitx_unit_tmp_int=\count305
\l__siunitx_unit_position_int=\count306
\l__siunitx_unit_total_int=\count307

(/usr/local/texlive/2021/texmf-dist/tex/latex/l3packages/l3keys2e/l3keys2e.sty
(/usr/local/texlive/2021/texmf-dist/tex/latex/l3kernel/expl3.sty
Package: expl3 2021-11-22 L3 programming layer (loader) 

(/usr/local/texlive/2021/texmf-dist/tex/latex/l3backend/l3backend-pdftex.def
File: l3backend-pdftex.def 2021-12-14 L3 backend support: PDF output (pdfTeX)
\l__color_backend_stack_int=\count308
\l__pdf_internal_box=\box63
))
Package: l3keys2e 2021-11-12 LaTeX2e option processing using LaTeX3 keys
)

Package siunitx Warning: Detected the "units" package:
(siunitx)                Omitting definition of \unit.

(/usr/local/texlive/2021/texmf-dist/tex/latex/tools/array.sty
Package: array 2021/10/04 v2.5f Tabular extension package (FMi)
\col@sep=\dimen184
\ar@mcellbox=\box64
\extrarowheight=\dimen185
\NC@list=\toks25
\extratabsurround=\skip65
\backup@length=\skip66
\ar@cellbox=\box65
))
(/usr/local/texlive/2021/texmf-dist/tex/latex/graphics/color.sty
Package: color 2021/10/11 v1.3b Standard LaTeX Color (DPC)

(/usr/local/texlive/2021/texmf-dist/tex/latex/graphics-cfg/color.cfg
File: color.cfg 2016/01/02 v1.6 sample color configuration
)
Package color Info: Driver file: pdftex.def on input line 149.
)
(/usr/local/texlive/2021/texmf-dist/tex/latex/float/float.sty
Package: float 2001/11/08 v1.3d Float enhancements (AL)
\c@float@type=\count309
\float@exts=\toks26
\float@box=\box66
\@float@everytoks=\toks27
\@floatcapt=\box67
)
(/usr/local/texlive/2021/texmf-dist/tex/latex/psnfss/mathptmx.sty
Package: mathptmx 2020/03/25 PSNFSS-v9.3 Times w/ Math, improved (SPQR, WaS) 
LaTeX Font Info:    Redeclaring symbol font `operators' on input line 28.
LaTeX Font Info:    Overwriting symbol font `operators' in version `normal'
(Font)                  OT1/cmr/m/n --> OT1/ztmcm/m/n on input line 28.
LaTeX Font Info:    Overwriting symbol font `operators' in version `bold'
(Font)                  OT1/cmr/bx/n --> OT1/ztmcm/m/n on input line 28.
LaTeX Font Info:    Redeclaring symbol font `letters' on input line 29.
LaTeX Font Info:    Overwriting symbol font `letters' in version `normal'
(Font)                  OML/cmm/m/it --> OML/ztmcm/m/it on input line 29.
LaTeX Font Info:    Overwriting symbol font `letters' in version `bold'
(Font)                  OML/cmm/b/it --> OML/ztmcm/m/it on input line 29.
LaTeX Font Info:    Redeclaring symbol font `symbols' on input line 30.
LaTeX Font Info:    Overwriting symbol font `symbols' in version `normal'
(Font)                  OMS/cmsy/m/n --> OMS/ztmcm/m/n on input line 30.
LaTeX Font Info:    Overwriting symbol font `symbols' in version `bold'
(Font)                  OMS/cmsy/b/n --> OMS/ztmcm/m/n on input line 30.
LaTeX Font Info:    Redeclaring symbol font `largesymbols' on input line 31.
LaTeX Font Info:    Overwriting symbol font `largesymbols' in version `normal'
(Font)                  OMX/cmex/m/n --> OMX/ztmcm/m/n on input line 31.
LaTeX Font Info:    Overwriting symbol font `largesymbols' in version `bold'
(Font)                  OMX/cmex/m/n --> OMX/ztmcm/m/n on input line 31.
\symbold=\mathgroup9
\symitalic=\mathgroup10
LaTeX Font Info:    Redeclaring math alphabet \mathbf on input line 34.
LaTeX Font Info:    Redeclaring math alphabet \mathit on input line 35.
LaTeX Font Info:    Overwriting math alphabet `\mathit' in version `normal'
(Font)                  OT1/cmr/m/it --> OT1/ptm/m/it on input line 35.
LaTeX Font Info:    Overwriting math alphabet `\mathit' in version `bold'
(Font)                  OT1/cmr/bx/it --> OT1/ptm/m/it on input line 35.
LaTeX Info: Redefining \hbar on input line 50.
)
(/usr/local/texlive/2021/texmf-dist/tex/latex/varwidth/varwidth.sty
Package: varwidth 2009/03/30 ver 0.92;  Variable-width minipages
\@vwid@box=\box68
\sift@deathcycles=\count310
\@vwid@loff=\dimen186
\@vwid@roff=\dimen187
)
(/usr/local/texlive/2021/texmf-dist/tex/generic/ulem/ulem.sty
\UL@box=\box69
\UL@hyphenbox=\box70
\UL@skip=\skip67
\UL@hook=\toks28
\UL@height=\dimen188
\UL@pe=\count311
\UL@pixel=\dimen189
\ULC@box=\box71
Package: ulem 2019/11/18
\ULdepth=\dimen190
)
Package translations Info: No language package found. I am going to use `englis
h' as default language. on input line 51.
LaTeX Font Info:    Trying to load font information for OT1+ptm on input line 5
1.

(/usr/local/texlive/2021/texmf-dist/tex/latex/psnfss/ot1ptm.fd
File: ot1ptm.fd 2001/06/04 font definitions for OT1/ptm.
)
(./CassettiFreryR1.aux

LaTeX Warning: Label `Fig:DistEstimator' multiply defined.

)
\openout1 = `CassettiFreryR1.aux'.

LaTeX Font Info:    Checking defaults for OML/cmm/m/it on input line 51.
LaTeX Font Info:    ... okay on input line 51.
LaTeX Font Info:    Checking defaults for OMS/cmsy/m/n on input line 51.
LaTeX Font Info:    ... okay on input line 51.
LaTeX Font Info:    Checking defaults for OT1/cmr/m/n on input line 51.
LaTeX Font Info:    ... okay on input line 51.
LaTeX Font Info:    Checking defaults for T1/cmr/m/n on input line 51.
LaTeX Font Info:    ... okay on input line 51.
LaTeX Font Info:    Checking defaults for TS1/cmr/m/n on input line 51.
LaTeX Font Info:    ... okay on input line 51.
LaTeX Font Info:    Checking defaults for OMX/cmex/m/n on input line 51.
LaTeX Font Info:    ... okay on input line 51.
LaTeX Font Info:    Checking defaults for U/cmr/m/n on input line 51.
LaTeX Font Info:    ... okay on input line 51.

Unknown journal: specify \journalname{<name of your journal>} in preambel

(/usr/local/texlive/2021/texmf-dist/tex/context/base/mkii/supp-pdf.mkii
[Loading MPS to PDF converter (version 2006.09.02).]
\scratchcounter=\count312
\scratchdimen=\dimen191
\scratchbox=\box72
\nofMPsegments=\count313
\nofMParguments=\count314
\everyMPshowfont=\toks29
\MPscratchCnt=\count315
\MPscratchDim=\dimen192
\MPnumerator=\count316
\makeMPintoPDFobject=\count317
\everyMPtoPDFconversion=\toks30
) (/usr/local/texlive/2021/texmf-dist/tex/latex/epstopdf-pkg/epstopdf-base.sty
Package: epstopdf-base 2020-01-24 v2.11 Base part for package epstopdf

(/usr/local/texlive/2021/texmf-dist/tex/latex/grfext/grfext.sty
Package: grfext 2019/12/03 v1.3 Manage graphics extensions (HO)

(/usr/local/texlive/2021/texmf-dist/tex/generic/kvdefinekeys/kvdefinekeys.sty
Package: kvdefinekeys 2019-12-19 v1.6 Define keys (HO)
)) (/usr/local/texlive/2021/texmf-dist/tex/latex/kvoptions/kvoptions.sty
Package: kvoptions 2020-10-07 v3.14 Key value format for package options (HO)

(/usr/local/texlive/2021/texmf-dist/tex/generic/kvsetkeys/kvsetkeys.sty
Package: kvsetkeys 2019/12/15 v1.18 Key value parser (HO)
))
Package epstopdf-base Info: Redefining graphics rule for `.eps' on input line 4
85.
Package grfext Info: Graphics extension search list:
(grfext)             [.pdf,.png,.jpg,.mps,.jpeg,.jbig2,.jb2,.PDF,.PNG,.JPG,.JPE
G,.JBIG2,.JB2,.eps]
(grfext)             \AppendGraphicsExtensions on input line 504.

(/usr/local/texlive/2021/texmf-dist/tex/latex/latexconfig/epstopdf-sys.cfg
File: epstopdf-sys.cfg 2010/07/13 v1.3 Configuration of (r)epstopdf for TeX Liv
e
))
LaTeX Info: Redefining \microtypecontext on input line 51.
Package microtype Info: Applying patch `item' on input line 51.
Package microtype Info: Applying patch `toc' on input line 51.
Package microtype Info: Applying patch `eqnum' on input line 51.
Package microtype Info: Applying patch `footnote' on input line 51.
Package microtype Info: Generating PDF output.
Package microtype Info: Character protrusion enabled (level 2).
Package microtype Info: Using default protrusion set `alltext'.
Package microtype Info: Automatic font expansion enabled (level 2),
(microtype)             stretch: 20, shrink: 20, step: 1, non-selected.
Package microtype Info: Using default expansion set `alltext-nott'.
LaTeX Info: Redefining \showhyphens on input line 51.
Package microtype Info: No adjustment of tracking.
Package microtype Info: No adjustment of interword spacing.
Package microtype Info: No adjustment of character kerning.

(/usr/local/texlive/2021/texmf-dist/tex/latex/microtype/mt-ptm.cfg
File: mt-ptm.cfg 2006/04/20 v1.7 microtype config. file: Times (RS)
)

LaTeX hooks Warning: Generic hook
(hooks)              'file/after/translations-basic-dictionary-english.trsl'
(hooks)              is deprecated.
(hooks)              Use hook
(hooks)              'file/translations-basic-dictionary-english.trsl/after'
(hooks)              instead.


(/usr/local/texlive/2021/texmf-dist/tex/latex/translations/translations-basic-d
ictionary-english.trsl
File: translations-basic-dictionary-english.trsl (english translation file `tra
nslations-basic-dictionary')
)
Package translations Info: loading dictionary `translations-basic-dictionary' f
or `english'. on input line 51.

SVJour3 warning: Missing \journalname
LaTeX Font Info:    Calculating math sizes for size <16> on input line 82.
LaTeX Font Info:    Trying to load font information for OT1+ztmcm on input line
 82.
(/usr/local/texlive/2021/texmf-dist/tex/latex/psnfss/ot1ztmcm.fd
File: ot1ztmcm.fd 2000/01/03 Fontinst v1.801 font definitions for OT1/ztmcm.
)
Package microtype Info: Loading generic protrusion settings for font family
(microtype)             `ztmcm' (encoding: OT1).
(microtype)             For optimal results, create family-specific settings.
(microtype)             See the microtype manual for details.
LaTeX Font Info:    Trying to load font information for OML+ztmcm on input line
 82.

(/usr/local/texlive/2021/texmf-dist/tex/latex/psnfss/omlztmcm.fd
File: omlztmcm.fd 2000/01/03 Fontinst v1.801 font definitions for OML/ztmcm.
)
LaTeX Font Info:    Trying to load font information for OMS+ztmcm on input line
 82.

(/usr/local/texlive/2021/texmf-dist/tex/latex/psnfss/omsztmcm.fd
File: omsztmcm.fd 2000/01/03 Fontinst v1.801 font definitions for OMS/ztmcm.
)
LaTeX Font Info:    Trying to load font information for OMX+ztmcm on input line
 82.

(/usr/local/texlive/2021/texmf-dist/tex/latex/psnfss/omxztmcm.fd
File: omxztmcm.fd 2000/01/03 Fontinst v1.801 font definitions for OMX/ztmcm.
)
(/usr/local/texlive/2021/texmf-dist/tex/latex/microtype/mt-cmr.cfg
File: mt-cmr.cfg 2013/05/19 v2.2 microtype config. file: Computer Modern Roman 
(RS)
)
(/usr/local/texlive/2021/texmf-dist/tex/latex/microtype/mt-msa.cfg
File: mt-msa.cfg 2006/02/04 v1.1 microtype config. file: AMS symbols (a) (RS)
)
(/usr/local/texlive/2021/texmf-dist/tex/latex/microtype/mt-msb.cfg
File: mt-msb.cfg 2005/06/01 v1.0 microtype config. file: AMS symbols (b) (RS)
)
LaTeX Font Info:    Font shape `OT1/ptm/bx/n' in size <16> not available
(Font)              Font shape `OT1/ptm/b/n' tried instead on input line 82.
LaTeX Font Info:    Font shape `OT1/ptm/bx/n' in size <11.84009> not available
(Font)              Font shape `OT1/ptm/b/n' tried instead on input line 82.
LaTeX Font Info:    Font shape `OT1/ptm/bx/n' in size <9.6001> not available
(Font)              Font shape `OT1/ptm/b/n' tried instead on input line 82.


Package mathptmx Warning: There are no bold math fonts on input line 82.

LaTeX Font Info:    Font shape `OT1/ptm/bx/n' in size <10> not available
(Font)              Font shape `OT1/ptm/b/n' tried instead on input line 82.
LaTeX Font Info:    Font shape `OT1/ptm/bx/n' in size <7.4> not available
(Font)              Font shape `OT1/ptm/b/n' tried instead on input line 82.
LaTeX Font Info:    Font shape `OT1/ptm/bx/n' in size <6> not available
(Font)              Font shape `OT1/ptm/b/n' tried instead on input line 82.
LaTeX Font Info:    Calculating math sizes for size <8.5> on input line 82.
LaTeX Font Info:    Font shape `OT1/ptm/bx/n' in size <8.5> not available
(Font)              Font shape `OT1/ptm/b/n' tried instead on input line 82.
LaTeX Font Info:    Font shape `OT1/ptm/bx/n' in size <6.29004> not available
(Font)              Font shape `OT1/ptm/b/n' tried instead on input line 82.
LaTeX Font Info:    Font shape `OT1/ptm/bx/n' in size <5.10005> not available
(Font)              Font shape `OT1/ptm/b/n' tried instead on input line 82.
[1{/usr/local/texlive/2021/texmf-var/fonts/map/pdftex/updmap/pdftex.map}


]
[2]
LaTeX Font Info:    Trying to load font information for OT1+pcr on input line 2
24.
 (/usr/local/texlive/2021/texmf-dist/tex/latex/psnfss/ot1pcr.fd
File: ot1pcr.fd 2001/06/04 font definitions for OT1/pcr.
)
Package microtype Info: Loading generic protrusion settings for font family
(microtype)             `pcr' (encoding: OT1).
(microtype)             For optimal results, create family-specific settings.
(microtype)             See the microtype manual for details.

Overfull \hbox (6.27069pt too wide) detected at line 250
[]
 []

[3]
Overfull \hbox (2.15205pt too wide) in paragraph at lines 277--279
[]\OT1/ptm/m/n/10 (-20) Cassetti et al. [14] used the no-tion of min-i-miz-ing 
a stochas-
 []

Package epstopdf Info: Source file: <../Figures/NucleosGALNyIG.eps>
(epstopdf)                    date: 2021-12-19 17:15:31
(epstopdf)                    size: 382098 bytes
(epstopdf)             Output file: <../Figures/NucleosGALNyIG-eps-converted-to
.pdf>
(epstopdf)             Command: <repstopdf --outfile=../Figures/NucleosGALNyIG-
eps-converted-to.pdf ../Figures/NucleosGALNyIG.eps>
(epstopdf)             \includegraphics on input line 351.
runsystem(repstopdf --outfile=../Figures/NucleosGALNyIG-eps-converted-to.pdf ..
/Figures/NucleosGALNyIG.eps)...executed safely (allowed).

Package epstopdf Info: Result file: <../Figures/NucleosGALNyIG-eps-converted-to
.pdf>.

! Package pdftex.def Error: File `../Figures/NucleosGALNyIG-eps-converted-to.pd
f' not found: using draft setting.

See the pdftex.def package documentation for explanation.
Type  H <return>  for immediate help.
 ...                                              
                                                  
l.351 ...th=\linewidth]{../Figures/NucleosGALNyIG}
                                                  
Try typing  <return>  to proceed.
If that doesn't work, type  X <return>  to quit.

[4]
Package epstopdf Info: Source file: <../Figures/DensidadGI0L3.eps>
(epstopdf)                    date: 2021-12-19 17:15:26
(epstopdf)                    size: 318848 bytes
(epstopdf)             Output file: <../Figures/DensidadGI0L3-eps-converted-to.
pdf>
(epstopdf)             Command: <repstopdf --outfile=../Figures/DensidadGI0L3-e
ps-converted-to.pdf ../Figures/DensidadGI0L3.eps>
(epstopdf)             \includegraphics on input line 431.
runsystem(repstopdf --outfile=../Figures/DensidadGI0L3-eps-converted-to.pdf ../
Figures/DensidadGI0L3.eps)...executed safely (allowed).

Package epstopdf Info: Result file: <../Figures/DensidadGI0L3-eps-converted-to.
pdf>.


! Package pdftex.def Error: File `../Figures/DensidadGI0L3-eps-converted-to.pdf
' not found: using draft setting.

See the pdftex.def package documentation for explanation.
Type  H <return>  for immediate help.
 ...                                              
                                                  
l.431 ....75\linewidth]{../Figures/DensidadGI0L3}}
                                                  
Try typing  <return>  to proceed.
If that doesn't work, type  X <return>  to quit.

Package epstopdf Info: Source file: <../Figures/DensidadGI0L8.eps>
(epstopdf)                    date: 2021-12-19 17:15:28
(epstopdf)                    size: 315986 bytes
(epstopdf)             Output file: <../Figures/DensidadGI0L8-eps-converted-to.
pdf>
(epstopdf)             Command: <repstopdf --outfile=../Figures/DensidadGI0L8-e
ps-converted-to.pdf ../Figures/DensidadGI0L8.eps>
(epstopdf)             \includegraphics on input line 432.
runsystem(repstopdf --outfile=../Figures/DensidadGI0L8-eps-converted-to.pdf ../
Figures/DensidadGI0L8.eps)...executed safely (allowed).

Package epstopdf Info: Result file: <../Figures/DensidadGI0L8-eps-converted-to.
pdf>.

! Package pdftex.def Error: File `../Figures/DensidadGI0L8-eps-converted-to.pdf
' not found: using draft setting.

See the pdftex.def package documentation for explanation.
Type  H <return>  for immediate help.
 ...                                              
                                                  
l.432 ....75\linewidth]{../Figures/DensidadGI0L8}}
                                                  
Try typing  <return>  to proceed.
If that doesn't work, type  X <return>  to quit.

[5]
Overfull \hbox (3.23244pt too wide) in paragraph at lines 467--467
[]|$\OMS/ztmcm/m/n/8.5 ^^@\OT1/ztmcm/m/n/8.5 1\OML/ztmcm/m/it/8.5 :\OT1/ztmcm/m
/n/8.5 5$|  
 []

[6]
Package epstopdf Info: Source file: <../Figures/GraficoSesgoMVyGAyLNyLC_L=3SinC
ont_BarrasErroryPercentil.eps>
(epstopdf)                    date: 2021-12-19 17:15:29
(epstopdf)                    size: 209258 bytes
(epstopdf)             Output file: <../Figures/GraficoSesgoMVyGAyLNyLC_L=3SinC
ont_BarrasErroryPercentil-eps-converted-to.pdf>
(epstopdf)             Command: <repstopdf --outfile=../Figures/GraficoSesgoMVy
GAyLNyLC_L=3SinCont_BarrasErroryPercentil-eps-converted-to.pdf ../Figures/Grafi
coSesgoMVyGAyLNyLC_L=3SinCont_BarrasErroryPercentil.eps>
(epstopdf)             \includegraphics on input line 617.
runsystem(repstopdf --outfile=../Figures/GraficoSesgoMVyGAyLNyLC_L=3SinCont_Bar
rasErroryPercentil-eps-converted-to.pdf ../Figures/GraficoSesgoMVyGAyLNyLC_L=3S
inCont_BarrasErroryPercentil.eps)...executed safely (allowed).

Package epstopdf Info: Result file: <../Figures/GraficoSesgoMVyGAyLNyLC_L=3SinC
ont_BarrasErroryPercentil-eps-converted-to.pdf>.


! Package pdftex.def Error: File `../Figures/GraficoSesgoMVyGAyLNyLC_L=3SinCont
_BarrasErroryPercentil-eps-converted-to.pdf' not found: using draft setting.

See the pdftex.def package documentation for explanation.
Type  H <return>  for immediate help.
 ...                                              
                                                  
l.617 ...yLNyLC_L=3SinCont_BarrasErroryPercentil}}
                                                  
Try typing  <return>  to proceed.
If that doesn't work, type  X <return>  to quit.

Package epstopdf Info: Source file: <../Figures/GraficoECMMVyGAyLNyLC_L=3SinCon
t_BarrasErroryPercentil.eps>
(epstopdf)                    date: 2021-12-19 17:15:28
(epstopdf)                    size: 198074 bytes
(epstopdf)             Output file: <../Figures/GraficoECMMVyGAyLNyLC_L=3SinCon
t_BarrasErroryPercentil-eps-converted-to.pdf>
(epstopdf)             Command: <repstopdf --outfile=../Figures/GraficoECMMVyGA
yLNyLC_L=3SinCont_BarrasErroryPercentil-eps-converted-to.pdf ../Figures/Grafico
ECMMVyGAyLNyLC_L=3SinCont_BarrasErroryPercentil.eps>
(epstopdf)             \includegraphics on input line 618.
runsystem(repstopdf --outfile=../Figures/GraficoECMMVyGAyLNyLC_L=3SinCont_Barra
sErroryPercentil-eps-converted-to.pdf ../Figures/GraficoECMMVyGAyLNyLC_L=3SinCo
nt_BarrasErroryPercentil.eps)...executed safely (allowed).

Package epstopdf Info: Result file: <../Figures/GraficoECMMVyGAyLNyLC_L=3SinCon
t_BarrasErroryPercentil-eps-converted-to.pdf>.

! Package pdftex.def Error: File `../Figures/GraficoECMMVyGAyLNyLC_L=3SinCont_B
arrasErroryPercentil-eps-converted-to.pdf' not found: using draft setting.

See the pdftex.def package documentation for explanation.
Type  H <return>  for immediate help.
 ...                                              
                                                  
l.618 ...yLNyLC_L=3SinCont_BarrasErroryPercentil}}
                                                  
Try typing  <return>  to proceed.
If that doesn't work, type  X <return>  to quit.

Package epstopdf Info: Source file: <../Figures/GraficoSesgoMVyGAyLNyLC_L=8SinC
ont_BarrasErroryPercentil.eps>
(epstopdf)                    date: 2021-12-19 17:15:29
(epstopdf)                    size: 209326 bytes
(epstopdf)             Output file: <../Figures/GraficoSesgoMVyGAyLNyLC_L=8SinC
ont_BarrasErroryPercentil-eps-converted-to.pdf>
(epstopdf)             Command: <repstopdf --outfile=../Figures/GraficoSesgoMVy
GAyLNyLC_L=8SinCont_BarrasErroryPercentil-eps-converted-to.pdf ../Figures/Grafi
coSesgoMVyGAyLNyLC_L=8SinCont_BarrasErroryPercentil.eps>
(epstopdf)             \includegraphics on input line 628.
runsystem(repstopdf --outfile=../Figures/GraficoSesgoMVyGAyLNyLC_L=8SinCont_Bar
rasErroryPercentil-eps-converted-to.pdf ../Figures/GraficoSesgoMVyGAyLNyLC_L=8S
inCont_BarrasErroryPercentil.eps)...executed safely (allowed).

Package epstopdf Info: Result file: <../Figures/GraficoSesgoMVyGAyLNyLC_L=8SinC
ont_BarrasErroryPercentil-eps-converted-to.pdf>.

! Package pdftex.def Error: File `../Figures/GraficoSesgoMVyGAyLNyLC_L=8SinCont
_BarrasErroryPercentil-eps-converted-to.pdf' not found: using draft setting.

See the pdftex.def package documentation for explanation.
Type  H <return>  for immediate help.
 ...                                              
                                                  
l.628 ...yLNyLC_L=8SinCont_BarrasErroryPercentil}}
                                                  
Try typing  <return>  to proceed.
If that doesn't work, type  X <return>  to quit.

Package epstopdf Info: Source file: <../Figures/GraficoECMMVyGAyLNyLC_L=8SinCon
t_BarrasErroryPercentil.eps>
(epstopdf)                    date: 2021-12-19 17:15:29
(epstopdf)                    size: 198032 bytes
(epstopdf)             Output file: <../Figures/GraficoECMMVyGAyLNyLC_L=8SinCon
t_BarrasErroryPercentil-eps-converted-to.pdf>
(epstopdf)             Command: <repstopdf --outfile=../Figures/GraficoECMMVyGA
yLNyLC_L=8SinCont_BarrasErroryPercentil-eps-converted-to.pdf ../Figures/Grafico
ECMMVyGAyLNyLC_L=8SinCont_BarrasErroryPercentil.eps>
(epstopdf)             \includegraphics on input line 629.
runsystem(repstopdf --outfile=../Figures/GraficoECMMVyGAyLNyLC_L=8SinCont_Barra
sErroryPercentil-eps-converted-to.pdf ../Figures/GraficoECMMVyGAyLNyLC_L=8SinCo
nt_BarrasErroryPercentil.eps)...executed safely (allowed).

Package epstopdf Info: Result file: <../Figures/GraficoECMMVyGAyLNyLC_L=8SinCon
t_BarrasErroryPercentil-eps-converted-to.pdf>.

! Package pdftex.def Error: File `../Figures/GraficoECMMVyGAyLNyLC_L=8SinCont_B
arrasErroryPercentil-eps-converted-to.pdf' not found: using draft setting.

See the pdftex.def package documentation for explanation.
Type  H <return>  for immediate help.
 ...                                              
                                                  
l.629 ...yLNyLC_L=8SinCont_BarrasErroryPercentil}}
                                                  
Try typing  <return>  to proceed.
If that doesn't work, type  X <return>  to quit.

Package epstopdf Info: Source file: <../Figures/DensidadEstimadorNoCont.eps>
(epstopdf)                    date: 2021-12-19 17:15:25
(epstopdf)                    size: 363450 bytes
(epstopdf)             Output file: <../Figures/DensidadEstimadorNoCont-eps-con
verted-to.pdf>
(epstopdf)             Command: <repstopdf --outfile=../Figures/DensidadEstimad
orNoCont-eps-converted-to.pdf ../Figures/DensidadEstimadorNoCont.eps>
(epstopdf)             \includegraphics on input line 641.
runsystem(repstopdf --outfile=../Figures/DensidadEstimadorNoCont-eps-converted-
to.pdf ../Figures/DensidadEstimadorNoCont.eps)...executed safely (allowed).

Package epstopdf Info: Result file: <../Figures/DensidadEstimadorNoCont-eps-con
verted-to.pdf>.

! Package pdftex.def Error: File `../Figures/DensidadEstimadorNoCont-eps-conver
ted-to.pdf' not found: using draft setting.

See the pdftex.def package documentation for explanation.
Type  H <return>  for immediate help.
 ...                                              
                                                  
l.641 ...idth]{../Figures/DensidadEstimadorNoCont}
                                                  
Try typing  <return>  to proceed.
If that doesn't work, type  X <return>  to quit.

Package epstopdf Info: Source file: <../Figures/Asymptotic_n500_TodoAlfa.eps>
(epstopdf)                    date: 2021-12-19 17:15:23
(epstopdf)                    size: 250052 bytes
(epstopdf)             Output file: <../Figures/Asymptotic_n500_TodoAlfa-eps-co
nverted-to.pdf>
(epstopdf)             Command: <repstopdf --outfile=../Figures/Asymptotic_n500
_TodoAlfa-eps-converted-to.pdf ../Figures/Asymptotic_n500_TodoAlfa.eps>
(epstopdf)             \includegraphics on input line 658.
runsystem(repstopdf --outfile=../Figures/Asymptotic_n500_TodoAlfa-eps-converted
-to.pdf ../Figures/Asymptotic_n500_TodoAlfa.eps)...executed safely (allowed).

Package epstopdf Info: Result file: <../Figures/Asymptotic_n500_TodoAlfa-eps-co
nverted-to.pdf>.

! Package pdftex.def Error: File `../Figures/Asymptotic_n500_TodoAlfa-eps-conve
rted-to.pdf' not found: using draft setting.

See the pdftex.def package documentation for explanation.
Type  H <return>  for immediate help.
 ...                                              
                                                  
l.658 ...dth]{../Figures/Asymptotic_n500_TodoAlfa}
                                                  
Try typing  <return>  to proceed.
If that doesn't work, type  X <return>  to quit.


Underfull \vbox (badness 2173) has occurred while \output is active []

 [7]
Package epstopdf Info: Source file: <../Figures/CurvaInfluenciaAlfa-1punto5L3n2
5.eps>
(epstopdf)                    date: 2021-12-19 17:15:24
(epstopdf)                    size: 254822 bytes
(epstopdf)             Output file: <../Figures/CurvaInfluenciaAlfa-1punto5L3n2
5-eps-converted-to.pdf>
(epstopdf)             Command: <repstopdf --outfile=../Figures/CurvaInfluencia
Alfa-1punto5L3n25-eps-converted-to.pdf ../Figures/CurvaInfluenciaAlfa-1punto5L3
n25.eps>
(epstopdf)             \includegraphics on input line 785.
runsystem(repstopdf --outfile=../Figures/CurvaInfluenciaAlfa-1punto5L3n25-eps-c
onverted-to.pdf ../Figures/CurvaInfluenciaAlfa-1punto5L3n25.eps)...executed saf
ely (allowed).

Package epstopdf Info: Result file: <../Figures/CurvaInfluenciaAlfa-1punto5L3n2
5-eps-converted-to.pdf>.


! Package pdftex.def Error: File `../Figures/CurvaInfluenciaAlfa-1punto5L3n25-e
ps-converted-to.pdf' not found: using draft setting.

See the pdftex.def package documentation for explanation.
Type  H <return>  for immediate help.
 ...                                              
                                                  
l.785 ...igures/CurvaInfluenciaAlfa-1punto5L3n25}}
                                                  %JC Programa: GraficoInvlu...

Try typing  <return>  to proceed.
If that doesn't work, type  X <return>  to quit.

Package epstopdf Info: Source file: <../Figures/CurvaInfluenciaAlfa-3L3n25.eps>

(epstopdf)                    date: 2021-12-19 17:15:24
(epstopdf)                    size: 257724 bytes
(epstopdf)             Output file: <../Figures/CurvaInfluenciaAlfa-3L3n25-eps-
converted-to.pdf>
(epstopdf)             Command: <repstopdf --outfile=../Figures/CurvaInfluencia
Alfa-3L3n25-eps-converted-to.pdf ../Figures/CurvaInfluenciaAlfa-3L3n25.eps>
(epstopdf)             \includegraphics on input line 786.
runsystem(repstopdf --outfile=../Figures/CurvaInfluenciaAlfa-3L3n25-eps-convert
ed-to.pdf ../Figures/CurvaInfluenciaAlfa-3L3n25.eps)...executed safely (allowed
).

Package epstopdf Info: Result file: <../Figures/CurvaInfluenciaAlfa-3L3n25-eps-
converted-to.pdf>.

! Package pdftex.def Error: File `../Figures/CurvaInfluenciaAlfa-3L3n25-eps-con
verted-to.pdf' not found: using draft setting.

See the pdftex.def package documentation for explanation.
Type  H <return>  for immediate help.
 ...                                              
                                                  
l.786 ...]{../Figures/CurvaInfluenciaAlfa-3L3n25}}
                                                  %JC Programa:GraficoInvlue...

Try typing  <return>  to proceed.
If that doesn't work, type  X <return>  to quit.

Package epstopdf Info: Source file: <../Figures/CurvaInfluenciaAlfa-5L3n25.eps>

(epstopdf)                    date: 2021-12-19 17:15:24
(epstopdf)                    size: 251265 bytes
(epstopdf)             Output file: <../Figures/CurvaInfluenciaAlfa-5L3n25-eps-
converted-to.pdf>
(epstopdf)             Command: <repstopdf --outfile=../Figures/CurvaInfluencia
Alfa-5L3n25-eps-converted-to.pdf ../Figures/CurvaInfluenciaAlfa-5L3n25.eps>
(epstopdf)             \includegraphics on input line 793.
runsystem(repstopdf --outfile=../Figures/CurvaInfluenciaAlfa-5L3n25-eps-convert
ed-to.pdf ../Figures/CurvaInfluenciaAlfa-5L3n25.eps)...executed safely (allowed
).

Package epstopdf Info: Result file: <../Figures/CurvaInfluenciaAlfa-5L3n25-eps-
converted-to.pdf>.

! Package pdftex.def Error: File `../Figures/CurvaInfluenciaAlfa-5L3n25-eps-con
verted-to.pdf' not found: using draft setting.

See the pdftex.def package documentation for explanation.
Type  H <return>  for immediate help.
 ...                                              
                                                  
l.793 ...]{../Figures/CurvaInfluenciaAlfa-5L3n25}}
                                                  %JC Programa:GraficoInvlue...

Try typing  <return>  to proceed.
If that doesn't work, type  X <return>  to quit.

Package epstopdf Info: Source file: <../Figures/CurvaInfluenciaAlfa-8L3n25.eps>

(epstopdf)                    date: 2021-12-19 17:15:25
(epstopdf)                    size: 247069 bytes
(epstopdf)             Output file: <../Figures/CurvaInfluenciaAlfa-8L3n25-eps-
converted-to.pdf>
(epstopdf)             Command: <repstopdf --outfile=../Figures/CurvaInfluencia
Alfa-8L3n25-eps-converted-to.pdf ../Figures/CurvaInfluenciaAlfa-8L3n25.eps>
(epstopdf)             \includegraphics on input line 794.
runsystem(repstopdf --outfile=../Figures/CurvaInfluenciaAlfa-8L3n25-eps-convert
ed-to.pdf ../Figures/CurvaInfluenciaAlfa-8L3n25.eps)...executed safely (allowed
).

Package epstopdf Info: Result file: <../Figures/CurvaInfluenciaAlfa-8L3n25-eps-
converted-to.pdf>.

! Package pdftex.def Error: File `../Figures/CurvaInfluenciaAlfa-8L3n25-eps-con
verted-to.pdf' not found: using draft setting.

See the pdftex.def package documentation for explanation.
Type  H <return>  for immediate help.
 ...                                              
                                                  
l.794 ...]{../Figures/CurvaInfluenciaAlfa-8L3n25}}
                                                  %JC Programa:GraficoInvlue...

Try typing  <return>  to proceed.
If that doesn't work, type  X <return>  to quit.

Package epstopdf Info: Source file: <../Figures/CurvaInfluenciaAlfa-1punto5L8n2
5.eps>
(epstopdf)                    date: 2021-12-19 17:15:24
(epstopdf)                    size: 253591 bytes
(epstopdf)             Output file: <../Figures/CurvaInfluenciaAlfa-1punto5L8n2
5-eps-converted-to.pdf>
(epstopdf)             Command: <repstopdf --outfile=../Figures/CurvaInfluencia
Alfa-1punto5L8n25-eps-converted-to.pdf ../Figures/CurvaInfluenciaAlfa-1punto5L8
n25.eps>
(epstopdf)             \includegraphics on input line 801.
runsystem(repstopdf --outfile=../Figures/CurvaInfluenciaAlfa-1punto5L8n25-eps-c
onverted-to.pdf ../Figures/CurvaInfluenciaAlfa-1punto5L8n25.eps)...executed saf
ely (allowed).

Package epstopdf Info: Result file: <../Figures/CurvaInfluenciaAlfa-1punto5L8n2
5-eps-converted-to.pdf>.

! Package pdftex.def Error: File `../Figures/CurvaInfluenciaAlfa-1punto5L8n25-e
ps-converted-to.pdf' not found: using draft setting.

See the pdftex.def package documentation for explanation.
Type  H <return>  for immediate help.
 ...                                              
                                                  
l.801 ...igures/CurvaInfluenciaAlfa-1punto5L8n25}}
                                                  %JC Programa: GraficoInvlu...

Try typing  <return>  to proceed.
If that doesn't work, type  X <return>  to quit.

Package epstopdf Info: Source file: <../Figures/CurvaInfluenciaAlfa-3L8n25.eps>

(epstopdf)                    date: 2021-12-19 17:15:24
(epstopdf)                    size: 251290 bytes
(epstopdf)             Output file: <../Figures/CurvaInfluenciaAlfa-3L8n25-eps-
converted-to.pdf>
(epstopdf)             Command: <repstopdf --outfile=../Figures/CurvaInfluencia
Alfa-3L8n25-eps-converted-to.pdf ../Figures/CurvaInfluenciaAlfa-3L8n25.eps>
(epstopdf)             \includegraphics on input line 802.
runsystem(repstopdf --outfile=../Figures/CurvaInfluenciaAlfa-3L8n25-eps-convert
ed-to.pdf ../Figures/CurvaInfluenciaAlfa-3L8n25.eps)...executed safely (allowed
).

Package epstopdf Info: Result file: <../Figures/CurvaInfluenciaAlfa-3L8n25-eps-
converted-to.pdf>.

! Package pdftex.def Error: File `../Figures/CurvaInfluenciaAlfa-3L8n25-eps-con
verted-to.pdf' not found: using draft setting.

See the pdftex.def package documentation for explanation.
Type  H <return>  for immediate help.
 ...                                              
                                                  
l.802 ...]{../Figures/CurvaInfluenciaAlfa-3L8n25}}
                                                  %JC Programa: GraficoInvlu...

Try typing  <return>  to proceed.
If that doesn't work, type  X <return>  to quit.

Package epstopdf Info: Source file: <../Figures/CurvaInfluenciaAlfa-5L8n25.eps>

(epstopdf)                    date: 2021-12-19 17:15:25
(epstopdf)                    size: 243652 bytes
(epstopdf)             Output file: <../Figures/CurvaInfluenciaAlfa-5L8n25-eps-
converted-to.pdf>
(epstopdf)             Command: <repstopdf --outfile=../Figures/CurvaInfluencia
Alfa-5L8n25-eps-converted-to.pdf ../Figures/CurvaInfluenciaAlfa-5L8n25.eps>
(epstopdf)             \includegraphics on input line 810.
runsystem(repstopdf --outfile=../Figures/CurvaInfluenciaAlfa-5L8n25-eps-convert
ed-to.pdf ../Figures/CurvaInfluenciaAlfa-5L8n25.eps)...executed safely (allowed
).

Package epstopdf Info: Result file: <../Figures/CurvaInfluenciaAlfa-5L8n25-eps-
converted-to.pdf>.

! Package pdftex.def Error: File `../Figures/CurvaInfluenciaAlfa-5L8n25-eps-con
verted-to.pdf' not found: using draft setting.

See the pdftex.def package documentation for explanation.
Type  H <return>  for immediate help.
 ...                                              
                                                  
l.810 ...]{../Figures/CurvaInfluenciaAlfa-5L8n25}}
                                                  %JC Programa: GraficoInvlu...

Try typing  <return>  to proceed.
If that doesn't work, type  X <return>  to quit.

Package epstopdf Info: Source file: <../Figures/CurvaInfluenciaAlfa-8L8n25.eps>

(epstopdf)                    date: 2021-12-19 17:15:25
(epstopdf)                    size: 237916 bytes
(epstopdf)             Output file: <../Figures/CurvaInfluenciaAlfa-8L8n25-eps-
converted-to.pdf>
(epstopdf)             Command: <repstopdf --outfile=../Figures/CurvaInfluencia
Alfa-8L8n25-eps-converted-to.pdf ../Figures/CurvaInfluenciaAlfa-8L8n25.eps>
(epstopdf)             \includegraphics on input line 811.
runsystem(repstopdf --outfile=../Figures/CurvaInfluenciaAlfa-8L8n25-eps-convert
ed-to.pdf ../Figures/CurvaInfluenciaAlfa-8L8n25.eps)...executed safely (allowed
).

Package epstopdf Info: Result file: <../Figures/CurvaInfluenciaAlfa-8L8n25-eps-
converted-to.pdf>.

! Package pdftex.def Error: File `../Figures/CurvaInfluenciaAlfa-8L8n25-eps-con
verted-to.pdf' not found: using draft setting.

See the pdftex.def package documentation for explanation.
Type  H <return>  for immediate help.
 ...                                              
                                                  
l.811 ...]{../Figures/CurvaInfluenciaAlfa-8L8n25}}
                                                  %JC Programa: GraficoInvlu...

Try typing  <return>  to proceed.
If that doesn't work, type  X <return>  to quit.

Package epstopdf Info: Source file: <../Figures/GraficoSesgoMVyGAyLNyLC_L=3Cont
_BarrasErrorypercentil.eps>
(epstopdf)                    date: 2021-12-19 17:15:29
(epstopdf)                    size: 211879 bytes
(epstopdf)             Output file: <../Figures/GraficoSesgoMVyGAyLNyLC_L=3Cont
_BarrasErrorypercentil-eps-converted-to.pdf>
(epstopdf)             Command: <repstopdf --outfile=../Figures/GraficoSesgoMVy
GAyLNyLC_L=3Cont_BarrasErrorypercentil-eps-converted-to.pdf ../Figures/GraficoS
esgoMVyGAyLNyLC_L=3Cont_BarrasErrorypercentil.eps>
(epstopdf)             \includegraphics on input line 836.
runsystem(repstopdf --outfile=../Figures/GraficoSesgoMVyGAyLNyLC_L=3Cont_Barras
Errorypercentil-eps-converted-to.pdf ../Figures/GraficoSesgoMVyGAyLNyLC_L=3Cont
_BarrasErrorypercentil.eps)...executed safely (allowed).

Package epstopdf Info: Result file: <../Figures/GraficoSesgoMVyGAyLNyLC_L=3Cont
_BarrasErrorypercentil-eps-converted-to.pdf>.

! Package pdftex.def Error: File `../Figures/GraficoSesgoMVyGAyLNyLC_L=3Cont_Ba
rrasErrorypercentil-eps-converted-to.pdf' not found: using draft setting.

See the pdftex.def package documentation for explanation.
Type  H <return>  for immediate help.
 ...                                              
                                                  
l.836 ...yGAyLNyLC_L=3Cont_BarrasErrorypercentil}}
                                                  
Try typing  <return>  to proceed.
If that doesn't work, type  X <return>  to quit.

Package epstopdf Info: Source file: <../Figures/GraficoECMMVyGAyLNyLC_L=3Cont_B
arrasErrorypercentil.eps>
(epstopdf)                    date: 2021-12-19 17:15:28
(epstopdf)                    size: 200724 bytes
(epstopdf)             Output file: <../Figures/GraficoECMMVyGAyLNyLC_L=3Cont_B
arrasErrorypercentil-eps-converted-to.pdf>
(epstopdf)             Command: <repstopdf --outfile=../Figures/GraficoECMMVyGA
yLNyLC_L=3Cont_BarrasErrorypercentil-eps-converted-to.pdf ../Figures/GraficoECM
MVyGAyLNyLC_L=3Cont_BarrasErrorypercentil.eps>
(epstopdf)             \includegraphics on input line 837.
runsystem(repstopdf --outfile=../Figures/GraficoECMMVyGAyLNyLC_L=3Cont_BarrasEr
rorypercentil-eps-converted-to.pdf ../Figures/GraficoECMMVyGAyLNyLC_L=3Cont_Bar
rasErrorypercentil.eps)...executed safely (allowed).

Package epstopdf Info: Result file: <../Figures/GraficoECMMVyGAyLNyLC_L=3Cont_B
arrasErrorypercentil-eps-converted-to.pdf>.

! Package pdftex.def Error: File `../Figures/GraficoECMMVyGAyLNyLC_L=3Cont_Barr
asErrorypercentil-eps-converted-to.pdf' not found: using draft setting.

See the pdftex.def package documentation for explanation.
Type  H <return>  for immediate help.
 ...                                              
                                                  
l.837 ...yGAyLNyLC_L=3Cont_BarrasErrorypercentil}}
                                                  
Try typing  <return>  to proceed.
If that doesn't work, type  X <return>  to quit.

Package epstopdf Info: Source file: <../Figures/GraficoSesgoMVyGAyLNyLC_L=8Cont
_BarrasErrorypercentil.eps>
(epstopdf)                    date: 2021-12-19 17:15:29
(epstopdf)                    size: 211494 bytes
(epstopdf)             Output file: <../Figures/GraficoSesgoMVyGAyLNyLC_L=8Cont
_BarrasErrorypercentil-eps-converted-to.pdf>
(epstopdf)             Command: <repstopdf --outfile=../Figures/GraficoSesgoMVy
GAyLNyLC_L=8Cont_BarrasErrorypercentil-eps-converted-to.pdf ../Figures/GraficoS
esgoMVyGAyLNyLC_L=8Cont_BarrasErrorypercentil.eps>
(epstopdf)             \includegraphics on input line 844.
runsystem(repstopdf --outfile=../Figures/GraficoSesgoMVyGAyLNyLC_L=8Cont_Barras
Errorypercentil-eps-converted-to.pdf ../Figures/GraficoSesgoMVyGAyLNyLC_L=8Cont
_BarrasErrorypercentil.eps)...executed safely (allowed).

Package epstopdf Info: Result file: <../Figures/GraficoSesgoMVyGAyLNyLC_L=8Cont
_BarrasErrorypercentil-eps-converted-to.pdf>.

! Package pdftex.def Error: File `../Figures/GraficoSesgoMVyGAyLNyLC_L=8Cont_Ba
rrasErrorypercentil-eps-converted-to.pdf' not found: using draft setting.

See the pdftex.def package documentation for explanation.
Type  H <return>  for immediate help.
 ...                                              
                                                  
l.844 ...yGAyLNyLC_L=8Cont_BarrasErrorypercentil}}
                                                  
Try typing  <return>  to proceed.
If that doesn't work, type  X <return>  to quit.

Package epstopdf Info: Source file: <../Figures/GraficoECMMVyGAyLNyLC_L=8Cont_B
arrasErrorypercentil.eps>
(epstopdf)                    date: 2021-12-19 17:15:28
(epstopdf)                    size: 200504 bytes
(epstopdf)             Output file: <../Figures/GraficoECMMVyGAyLNyLC_L=8Cont_B
arrasErrorypercentil-eps-converted-to.pdf>
(epstopdf)             Command: <repstopdf --outfile=../Figures/GraficoECMMVyGA
yLNyLC_L=8Cont_BarrasErrorypercentil-eps-converted-to.pdf ../Figures/GraficoECM
MVyGAyLNyLC_L=8Cont_BarrasErrorypercentil.eps>
(epstopdf)             \includegraphics on input line 845.
runsystem(repstopdf --outfile=../Figures/GraficoECMMVyGAyLNyLC_L=8Cont_BarrasEr
rorypercentil-eps-converted-to.pdf ../Figures/GraficoECMMVyGAyLNyLC_L=8Cont_Bar
rasErrorypercentil.eps)...executed safely (allowed).

Package epstopdf Info: Result file: <../Figures/GraficoECMMVyGAyLNyLC_L=8Cont_B
arrasErrorypercentil-eps-converted-to.pdf>.

! Package pdftex.def Error: File `../Figures/GraficoECMMVyGAyLNyLC_L=8Cont_Barr
asErrorypercentil-eps-converted-to.pdf' not found: using draft setting.

See the pdftex.def package documentation for explanation.
Type  H <return>  for immediate help.
 ...                                              
                                                  
l.845 ...yGAyLNyLC_L=8Cont_BarrasErrorypercentil}}
                                                  
Try typing  <return>  to proceed.
If that doesn't work, type  X <return>  to quit.

[8]
Underfull \vbox (badness 10000) has occurred while \output is active []

 [9]
[10]
Package epstopdf Info: Source file: <../Figures/TresMuestrasAgrandada.eps>
(epstopdf)                    date: 2021-12-19 17:15:31
(epstopdf)                    size: 234273 bytes
(epstopdf)             Output file: <../Figures/TresMuestrasAgrandada-eps-conve
rted-to.pdf>
(epstopdf)             Command: <repstopdf --outfile=../Figures/TresMuestrasAgr
andada-eps-converted-to.pdf ../Figures/TresMuestrasAgrandada.eps>
(epstopdf)             \includegraphics on input line 879.
runsystem(repstopdf --outfile=../Figures/TresMuestrasAgrandada-eps-converted-to
.pdf ../Figures/TresMuestrasAgrandada.eps)...executed safely (allowed).

Package epstopdf Info: Result file: <../Figures/TresMuestrasAgrandada-eps-conve
rted-to.pdf>.


! Package pdftex.def Error: File `../Figures/TresMuestrasAgrandada-eps-converte
d-to.pdf' not found: using draft setting.

See the pdftex.def package documentation for explanation.
Type  H <return>  for immediate help.
 ...                                              
                                                  
l.879 ...ewidth]{../Figures/TresMuestrasAgrandada}
                                                  
Try typing  <return>  to proceed.
If that doesn't work, type  X <return>  to quit.

Package epstopdf Info: Source file: <../Figures/CincoMuestras.eps>
(epstopdf)                    date: 2021-12-19 17:15:23
(epstopdf)                    size: 1107855 bytes
(epstopdf)             Output file: <../Figures/CincoMuestras-eps-converted-to.
pdf>
(epstopdf)             Command: <repstopdf --outfile=../Figures/CincoMuestras-e
ps-converted-to.pdf ../Figures/CincoMuestras.eps>
(epstopdf)             \includegraphics on input line 985.
runsystem(repstopdf --outfile=../Figures/CincoMuestras-eps-converted-to.pdf ../
Figures/CincoMuestras.eps)...executed safely (allowed).

Package epstopdf Info: Result file: <../Figures/CincoMuestras-eps-converted-to.
pdf>.

! Package pdftex.def Error: File `../Figures/CincoMuestras-eps-converted-to.pdf
' not found: using draft setting.

See the pdftex.def package documentation for explanation.
Type  H <return>  for immediate help.
 ...                                              
                                                  
l.985 ...=0.7\linewidth]{../Figures/CincoMuestras}
                                                  
Try typing  <return>  to proceed.
If that doesn't work, type  X <return>  to quit.

Package epstopdf Info: Source file: <../Figures/AlfaVsTamCincoMuestrasCorregido
_v2.eps>
(epstopdf)                    date: 2021-12-19 17:15:23
(epstopdf)                    size: 182913 bytes
(epstopdf)             Output file: <../Figures/AlfaVsTamCincoMuestrasCorregido
_v2-eps-converted-to.pdf>
(epstopdf)             Command: <repstopdf --outfile=../Figures/AlfaVsTamCincoM
uestrasCorregido_v2-eps-converted-to.pdf ../Figures/AlfaVsTamCincoMuestrasCorre
gido_v2.eps>
(epstopdf)             \includegraphics on input line 992.
runsystem(repstopdf --outfile=../Figures/AlfaVsTamCincoMuestrasCorregido_v2-eps
-converted-to.pdf ../Figures/AlfaVsTamCincoMuestrasCorregido_v2.eps)...executed
 safely (allowed).

Package epstopdf Info: Result file: <../Figures/AlfaVsTamCincoMuestrasCorregido
_v2-eps-converted-to.pdf>.

! Package pdftex.def Error: File `../Figures/AlfaVsTamCincoMuestrasCorregido_v2
-eps-converted-to.pdf' not found: using draft setting.

See the pdftex.def package documentation for explanation.
Type  H <return>  for immediate help.
 ...                                              
                                                  
l.992 ...gures/AlfaVsTamCincoMuestrasCorregido_v2}
                                                  
Try typing  <return>  to proceed.
If that doesn't work, type  X <return>  to quit.

[11]
Underfull \vbox (badness 10000) has occurred while \output is active []


Underfull \vbox (badness 10000) has occurred while \output is active []

 [12]
Underfull \vbox (badness 10000) has occurred while \output is active []

 [13]
Package epstopdf Info: Source file: <../Figures/CornerJulia_Roja.eps>
(epstopdf)                    date: 2021-12-19 17:15:24
(epstopdf)                    size: 617222 bytes
(epstopdf)             Output file: <../Figures/CornerJulia_Roja-eps-converted-
to.pdf>
(epstopdf)             Command: <repstopdf --outfile=../Figures/CornerJulia_Roj
a-eps-converted-to.pdf ../Figures/CornerJulia_Roja.eps>
(epstopdf)             \includegraphics on input line 1098.
runsystem(repstopdf --outfile=../Figures/CornerJulia_Roja-eps-converted-to.pdf 
../Figures/CornerJulia_Roja.eps)...executed safely (allowed).

Package epstopdf Info: Result file: <../Figures/CornerJulia_Roja-eps-converted-
to.pdf>.


! Package pdftex.def Error: File `../Figures/CornerJulia_Roja-eps-converted-to.
pdf' not found: using draft setting.

See the pdftex.def package documentation for explanation.
Type  H <return>  for immediate help.
 ...                                              
                                                  
l.1098 ...\linewidth]{../Figures/CornerJulia_Roja}
                                                  
Try typing  <return>  to proceed.
If that doesn't work, type  X <return>  to quit.

[14] (./CassettiFreryR1.bbl [15]
Underfull \hbox (badness 1127) in paragraph at lines 139--144
[]\OT1/ptm/m/n/8.5 (+20) Fei, Y., Rong, G., Wang, B., Wang, W.: Par-al-lel L-BF
GS-
 []


Underfull \hbox (badness 2409) in paragraph at lines 139--144
\OT1/ptm/m/n/8.5 (+20) B al-go-rithm on GPU.  Com-put-ers & Graph-ics \OT1/ptm/
b/n/8.5 (+20) 40\OT1/ptm/m/n/8.5 (+20) , 1 --
 []


Underfull \hbox (badness 6348) in paragraph at lines 139--144
\OT1/ptm/m/n/8.5 (+20) 9 (2014).  DOI $https : / / doi . org / 10 . 1016 / j . 
cag . 2014 . 01 . 002$.
 []


Underfull \hbox (badness 10000) in paragraph at lines 139--144
\OT1/ptm/m/n/8.5 (+20) URL $\OT1/pcr/m/n/8.5 http : / / www . sciencedirect . c
om / science /
 []

[16]) [17

] (./CassettiFreryR1.aux)

LaTeX Warning: There were multiply-defined labels.

 ) 
Here is how much of TeX's memory you used:
 12046 strings out of 478353
 274679 string characters out of 5848085
 613814 words of memory out of 5000000
 29512 multiletter control sequences out of 15000+600000
 488883 words of font info for 432 fonts, out of 8000000 for 9000
 1141 hyphenation exceptions out of 8191
 71i,16n,77p,1012b,513s stack positions out of 5000i,500n,10000p,200000b,80000s
{/usr/local/texlive/2021/texmf-dist/fonts/enc/dvips/base/8r.enc}</usr/local/t
exlive/2021/texmf-dist/fonts/type1/public/amsfonts/cm/cmex10.pfb></usr/local/te
xlive/2021/texmf-dist/fonts/type1/public/amsfonts/cm/cmmi10.pfb></usr/local/tex
live/2021/texmf-dist/fonts/type1/public/amsfonts/cm/cmr10.pfb></usr/local/texli
ve/2021/texmf-dist/fonts/type1/public/amsfonts/cm/cmsy10.pfb></usr/local/texliv
e/2021/texmf-dist/fonts/type1/public/amsfonts/symbols/msbm10.pfb></usr/local/te
xlive/2021/texmf-dist/fonts/type1/public/rsfs/rsfs10.pfb></usr/local/texlive/20
21/texmf-dist/fonts/type1/urw/courier/ucrr8a.pfb></usr/local/texlive/2021/texmf
-dist/fonts/type1/urw/symbol/usyr.pfb></usr/local/texlive/2021/texmf-dist/fonts
/type1/urw/symbol/usyr.pfb></usr/local/texlive/2021/texmf-dist/fonts/type1/urw/
times/utmb8a.pfb></usr/local/texlive/2021/texmf-dist/fonts/type1/urw/times/utmr
8a.pfb></usr/local/texlive/2021/texmf-dist/fonts/type1/urw/times/utmri8a.pfb>
Output written on CassettiFreryR1.pdf (17 pages, 200246 bytes).
PDF statistics:
 120 PDF objects out of 1000 (max. 8388607)
 76 compressed objects within 1 object stream
 0 named destinations out of 1000 (max. 500000)
 81921 words of extra memory for PDF output out of 89155 (max. 10000000)

